Preprocessed obs: device = cuda:0
Preprocessed obs: device = cuda:0
Preprocessed obs: device = cuda:0
Preprocessed obs: device = cuda:0
Collecting initial experience...
Preprocessed obs_next: device = cuda:0
Preprocessed act: device = cuda:0
Preprocessed rew: device = cuda:0
Preprocessed done: device = cuda:0
Traceback (most recent call last):
  File "/home/yyf/miniconda3/envs/luckyrobot/lib/python3.10/site-packages/tianshou/data/buffer/manager.py", line 148, in add
    self._meta[ptrs] = batch
  File "/home/yyf/miniconda3/envs/luckyrobot/lib/python3.10/site-packages/tianshou/data/batch.py", line 267, in __setitem__
    raise ValueError("Creating keys is not supported by item assignment.")
ValueError: Creating keys is not supported by item assignment.

During handling of the above exception, another exception occurred:

Traceback (most recent call last):
  File "/home/yyf/github/luckyrobot/scripts/train.py", line 425, in <module>
    main()
  File "/home/yyf/github/luckyrobot/scripts/train.py", line 422, in main
    pipeline.train()
  File "/home/yyf/github/luckyrobot/scripts/train.py", line 287, in train
    train_collector, test_collector = self.setup_collectors(
  File "/home/yyf/github/luckyrobot/scripts/train.py", line 251, in setup_collectors
    train_collector.collect(n_step=self.config['batch_size'])
  File "/home/yyf/miniconda3/envs/luckyrobot/lib/python3.10/site-packages/tianshou/data/collector.py", line 329, in collect
    ptr, ep_rew, ep_len, ep_idx = self.buffer.add(
  File "/home/yyf/miniconda3/envs/luckyrobot/lib/python3.10/site-packages/tianshou/data/buffer/manager.py", line 150, in add
    batch.rew = batch.rew.astype(float)
AttributeError: 'Tensor' object has no attribute 'astype'
